{"/Users/dominikrodler/GitHub/vite-boilerplate/i18next-scanner.config.cjs": {"path":"/Users/dominikrodler/GitHub/vite-boilerplate/i18next-scanner.config.cjs","statementMap":{"0":{"start":{"line":5,"column":13},"end":{"line":5,"column":28}},"1":{"start":{"line":6,"column":28},"end":{"line":6,"column":65}},"2":{"start":{"line":8,"column":0},"end":{"line":48,"column":2}},"3":{"start":{"line":21,"column":8},"end":{"line":21,"column":27}}},"fnMap":{"0":{"name":"(anonymous_0)","decl":{"start":{"line":19,"column":19},"end":{"line":19,"column":27}},"loc":{"start":{"line":19,"column":40},"end":{"line":22,"column":7}}}},"branchMap":{},"s":{"0":0,"1":0,"2":0,"3":0},"f":{"0":0},"b":{}}
,"/Users/dominikrodler/GitHub/vite-boilerplate/playwright.config.js": {"path":"/Users/dominikrodler/GitHub/vite-boilerplate/playwright.config.js","statementMap":{},"fnMap":{},"branchMap":{"0":{"loc":{"start":{"line":8,"column":11},"end":{"line":8,"column":33}},"type":"cond-expr","locations":[{"start":{"line":8,"column":28},"end":{"line":8,"column":29}},{"start":{"line":8,"column":32},"end":{"line":8,"column":33}}]},"1":{"loc":{"start":{"line":9,"column":11},"end":{"line":9,"column":41}},"type":"cond-expr","locations":[{"start":{"line":9,"column":28},"end":{"line":9,"column":29}},{"start":{"line":9,"column":32},"end":{"line":9,"column":41}}]}},"s":{},"f":{},"b":{"0":[0,0],"1":[0,0]}}
,"/Users/dominikrodler/GitHub/vite-boilerplate/postcss.config.cjs": {"path":"/Users/dominikrodler/GitHub/vite-boilerplate/postcss.config.cjs","statementMap":{"0":{"start":{"line":1,"column":0},"end":{"line":8,"column":2}}},"fnMap":{},"branchMap":{},"s":{"0":0},"f":{},"b":{}}
,"/Users/dominikrodler/GitHub/vite-boilerplate/src/App.tsx": {"path":"/Users/dominikrodler/GitHub/vite-boilerplate/src/App.tsx","statementMap":{"0":{"start":{"line":7,"column":28},"end":{"line":7,"column":null}},"1":{"start":{"line":9,"column":16},"end":{"line":9,"column":null}},"2":{"start":{"line":14,"column":2},"end":{"line":42,"column":null}},"3":{"start":{"line":30,"column":31},"end":{"line":30,"column":null}},"4":{"start":{"line":30,"column":51},"end":{"line":30,"column":60}}},"fnMap":{"0":{"name":"App","decl":{"start":{"line":6,"column":9},"end":{"line":6,"column":15}},"loc":{"start":{"line":6,"column":15},"end":{"line":44,"column":null}}},"1":{"name":"(anonymous_1)","decl":{"start":{"line":30,"column":25},"end":{"line":30,"column":31}},"loc":{"start":{"line":30,"column":31},"end":{"line":30,"column":null}}},"2":{"name":"(anonymous_2)","decl":{"start":{"line":30,"column":40},"end":{"line":30,"column":41}},"loc":{"start":{"line":30,"column":51},"end":{"line":30,"column":60}}}},"branchMap":{},"s":{"0":0,"1":0,"2":0,"3":0,"4":0},"f":{"0":0,"1":0,"2":0},"b":{}}
,"/Users/dominikrodler/GitHub/vite-boilerplate/src/main.tsx": {"path":"/Users/dominikrodler/GitHub/vite-boilerplate/src/main.tsx","statementMap":{"0":{"start":{"line":11,"column":0},"end":{"line":15,"column":null}}},"fnMap":{},"branchMap":{},"s":{"0":0},"f":{},"b":{}}
,"/Users/dominikrodler/GitHub/vite-boilerplate/src/lib/i18n.ts": {"path":"/Users/dominikrodler/GitHub/vite-boilerplate/src/lib/i18n.ts","statementMap":{"0":{"start":{"line":13,"column":29},"end":{"line":13,"column":null}},"1":{"start":{"line":13,"column":43},"end":{"line":13,"column":null}},"2":{"start":{"line":15,"column":0},"end":{"line":48,"column":null}}},"fnMap":{"0":{"name":"(anonymous_0)","decl":{"start":{"line":13,"column":29},"end":{"line":13,"column":43}},"loc":{"start":{"line":13,"column":43},"end":{"line":13,"column":null}}}},"branchMap":{},"s":{"0":0,"1":0,"2":0},"f":{"0":0},"b":{}}
,"/Users/dominikrodler/GitHub/vite-boilerplate/src/lib/index.ts": {"path":"/Users/dominikrodler/GitHub/vite-boilerplate/src/lib/index.ts","statementMap":{"0":{"start":{"line":3,"column":20},"end":{"line":3,"column":null}}},"fnMap":{},"branchMap":{},"s":{"0":0},"f":{},"b":{}}
,"/Users/dominikrodler/GitHub/vite-boilerplate/src/lib/string.ts": {"path":"/Users/dominikrodler/GitHub/vite-boilerplate/src/lib/string.ts","statementMap":{"0":{"start":{"line":1,"column":25},"end":{"line":2,"column":null}},"1":{"start":{"line":2,"column":2},"end":{"line":2,"column":null}}},"fnMap":{"0":{"name":"(anonymous_0)","decl":{"start":{"line":1,"column":25},"end":{"line":1,"column":26}},"loc":{"start":{"line":2,"column":2},"end":{"line":2,"column":null}}}},"branchMap":{"0":{"loc":{"start":{"line":2,"column":2},"end":{"line":2,"column":null}},"type":"cond-expr","locations":[{"start":{"line":2,"column":8},"end":{"line":2,"column":40}},{"start":{"line":2,"column":40},"end":{"line":2,"column":null}}]}},"s":{"0":1,"1":9},"f":{"0":9},"b":{"0":[9,0]}}
,"/Users/dominikrodler/GitHub/vite-boilerplate/src/lib/tailwind.ts": {"path":"/Users/dominikrodler/GitHub/vite-boilerplate/src/lib/tailwind.ts","statementMap":{"0":{"start":{"line":5,"column":2},"end":{"line":5,"column":null}}},"fnMap":{"0":{"name":"cn","decl":{"start":{"line":4,"column":16},"end":{"line":4,"column":22}},"loc":{"start":{"line":4,"column":44},"end":{"line":6,"column":null}}}},"branchMap":{},"s":{"0":0},"f":{"0":0},"b":{}}
,"/Users/dominikrodler/GitHub/vite-boilerplate/src/stories/Button.stories.ts": {"path":"/Users/dominikrodler/GitHub/vite-boilerplate/src/stories/Button.stories.ts","statementMap":{"0":{"start":{"line":7,"column":13},"end":{"line":22,"column":null}},"1":{"start":{"line":28,"column":30},"end":{"line":33,"column":null}},"2":{"start":{"line":35,"column":32},"end":{"line":39,"column":null}},"3":{"start":{"line":41,"column":28},"end":{"line":46,"column":null}},"4":{"start":{"line":48,"column":28},"end":{"line":53,"column":null}}},"fnMap":{},"branchMap":{},"s":{"0":0,"1":0,"2":0,"3":0,"4":0},"f":{},"b":{}}
,"/Users/dominikrodler/GitHub/vite-boilerplate/src/stories/Button.tsx": {"path":"/Users/dominikrodler/GitHub/vite-boilerplate/src/stories/Button.tsx","statementMap":{"0":{"start":{"line":31,"column":22},"end":{"line":51,"column":null}},"1":{"start":{"line":38,"column":15},"end":{"line":40,"column":null}},"2":{"start":{"line":41,"column":2},"end":{"line":49,"column":null}}},"fnMap":{"0":{"name":"(anonymous_0)","decl":{"start":{"line":31,"column":22},"end":{"line":31,"column":23}},"loc":{"start":{"line":37,"column":19},"end":{"line":51,"column":null}}}},"branchMap":{"0":{"loc":{"start":{"line":34,"column":2},"end":{"line":34,"column":null}},"type":"default-arg","locations":[{"start":{"line":34,"column":12},"end":{"line":34,"column":null}}]},"1":{"loc":{"start":{"line":35,"column":2},"end":{"line":35,"column":null}},"type":"default-arg","locations":[{"start":{"line":35,"column":9},"end":{"line":35,"column":null}}]},"2":{"loc":{"start":{"line":38,"column":15},"end":{"line":40,"column":null}},"type":"cond-expr","locations":[{"start":{"line":39,"column":6},"end":{"line":39,"column":null}},{"start":{"line":40,"column":6},"end":{"line":40,"column":null}}]}},"s":{"0":0,"1":0,"2":0},"f":{"0":0},"b":{"0":[0],"1":[0],"2":[0,0]}}
,"/Users/dominikrodler/GitHub/vite-boilerplate/src/stories/Header.stories.ts": {"path":"/Users/dominikrodler/GitHub/vite-boilerplate/src/stories/Header.stories.ts","statementMap":{"0":{"start":{"line":6,"column":13},"end":{"line":20,"column":null}},"1":{"start":{"line":25,"column":31},"end":{"line":31,"column":null}},"2":{"start":{"line":33,"column":32},"end":{"line":33,"column":null}}},"fnMap":{},"branchMap":{},"s":{"0":0,"1":0,"2":0},"f":{},"b":{}}
,"/Users/dominikrodler/GitHub/vite-boilerplate/src/stories/Header.tsx": {"path":"/Users/dominikrodler/GitHub/vite-boilerplate/src/stories/Header.tsx","statementMap":{"0":{"start":{"line":16,"column":22},"end":{"line":69,"column":null}},"1":{"start":{"line":22,"column":2},"end":{"line":69,"column":null}}},"fnMap":{"0":{"name":"(anonymous_0)","decl":{"start":{"line":16,"column":22},"end":{"line":16,"column":23}},"loc":{"start":{"line":22,"column":2},"end":{"line":69,"column":null}}}},"branchMap":{"0":{"loc":{"start":{"line":49,"column":9},"end":{"line":65,"column":null}},"type":"cond-expr","locations":[{"start":{"line":50,"column":10},"end":{"line":55,"column":null}},{"start":{"line":57,"column":10},"end":{"line":65,"column":null}}]}},"s":{"0":0,"1":0},"f":{"0":0},"b":{"0":[0,0]}}
,"/Users/dominikrodler/GitHub/vite-boilerplate/src/stories/Page.stories.ts": {"path":"/Users/dominikrodler/GitHub/vite-boilerplate/src/stories/Page.stories.ts","statementMap":{"0":{"start":{"line":6,"column":13},"end":{"line":13,"column":null}},"1":{"start":{"line":18,"column":32},"end":{"line":18,"column":null}},"2":{"start":{"line":21,"column":31},"end":{"line":32,"column":null}},"3":{"start":{"line":23,"column":19},"end":{"line":23,"column":null}},"4":{"start":{"line":24,"column":24},"end":{"line":24,"column":null}},"5":{"start":{"line":25,"column":4},"end":{"line":25,"column":null}},"6":{"start":{"line":26,"column":4},"end":{"line":26,"column":null}},"7":{"start":{"line":27,"column":4},"end":{"line":27,"column":null}},"8":{"start":{"line":29,"column":25},"end":{"line":29,"column":null}},"9":{"start":{"line":30,"column":4},"end":{"line":30,"column":null}}},"fnMap":{"0":{"name":"(anonymous_0)","decl":{"start":{"line":22,"column":8},"end":{"line":22,"column":15}},"loc":{"start":{"line":22,"column":37},"end":{"line":31,"column":null}}}},"branchMap":{},"s":{"0":0,"1":0,"2":0,"3":0,"4":0,"5":0,"6":0,"7":0,"8":0,"9":0},"f":{"0":0},"b":{}}
,"/Users/dominikrodler/GitHub/vite-boilerplate/src/stories/Page.tsx": {"path":"/Users/dominikrodler/GitHub/vite-boilerplate/src/stories/Page.tsx","statementMap":{"0":{"start":{"line":11,"column":20},"end":{"line":92,"column":null}},"1":{"start":{"line":12,"column":26},"end":{"line":12,"column":null}},"2":{"start":{"line":14,"column":2},"end":{"line":90,"column":null}},"3":{"start":{"line":18,"column":23},"end":{"line":18,"column":null}},"4":{"start":{"line":19,"column":24},"end":{"line":19,"column":null}},"5":{"start":{"line":20,"column":31},"end":{"line":20,"column":null}}},"fnMap":{"0":{"name":"(anonymous_0)","decl":{"start":{"line":11,"column":20},"end":{"line":11,"column":26}},"loc":{"start":{"line":11,"column":26},"end":{"line":92,"column":null}}},"1":{"name":"(anonymous_1)","decl":{"start":{"line":18,"column":17},"end":{"line":18,"column":23}},"loc":{"start":{"line":18,"column":23},"end":{"line":18,"column":null}}},"2":{"name":"(anonymous_2)","decl":{"start":{"line":19,"column":18},"end":{"line":19,"column":24}},"loc":{"start":{"line":19,"column":24},"end":{"line":19,"column":null}}},"3":{"name":"(anonymous_3)","decl":{"start":{"line":20,"column":25},"end":{"line":20,"column":31}},"loc":{"start":{"line":20,"column":31},"end":{"line":20,"column":null}}}},"branchMap":{},"s":{"0":0,"1":0,"2":0,"3":0,"4":0,"5":0},"f":{"0":0,"1":0,"2":0,"3":0},"b":{}}
}
